/opt/conda/lib/python3.6/site-packages/django/db/models/fields/__init__.py:1451: RuntimeWarning: DateTimeField ViewConf.created received a naive datetime (2017-03-01 18:00:00) while time zone support is active.
  RuntimeWarning)
[uWSGI] getting INI configuration from /home/higlass/projects/uwsgi.ini
open("./python_plugin.so"): No such file or directory [core/utils.c line 3684]
!!! UNABLE to load uWSGI plugin: ./python_plugin.so: cannot open shared object file: No such file or directory !!!
*** Starting uWSGI 2.0.14 (64bit) on [Tue Nov 28 05:31:18 2017] ***
compiled with version: 4.9.2 on 13 July 2017 03:38:26
os: Linux-4.9.49-moby #1 SMP Wed Sep 27 23:17:17 UTC 2017
nodename: 21a5da15e6e1
machine: x86_64
clock source: unix
detected number of CPU cores: 4
current working directory: /home/higlass/projects/higlass-server
detected binary path: /opt/conda/bin/uwsgi
!!! no internal routing support, rebuild with pcre support !!!
uWSGI running as root, you can use --uid/--gid/--chroot options
*** WARNING: you are running uWSGI as root !!! (use the --uid flag) *** 
chdir() to /home/higlass/projects/higlass-server/
your memory page size is 4096 bytes
detected max file descriptor number: 1048576
lock engine: pthread robust mutexes
thunder lock: disabled (you can enable it with --thunder-lock)
uwsgi socket 0 bound to UNIX address /home/higlass/projects/app.sock fd 3
uwsgi socket 1 bound to TCP address :8001 fd 4
Python version: 3.6.0 |Continuum Analytics, Inc.| (default, Dec 23 2016, 12:22:00)  [GCC 4.4.7 20120313 (Red Hat 4.4.7-1)]
*** Python threads support is disabled. You can enable it with --enable-threads ***
Python main interpreter initialized at 0x8c77d0
your server socket listen backlog is limited to 100 connections
your mercy for graceful operations on workers is 60 seconds
mapped 363800 bytes (355 KB) for 4 cores
*** Operational MODE: preforking ***
WSGI app 0 (mountpoint='') ready in 0 seconds on interpreter 0x8c77d0 pid: 27 (default app)
*** uWSGI is running in multiple interpreter mode ***
spawned uWSGI master process (pid: 27)
spawned uWSGI worker 1 (pid: 29, cores: 1)
spawned uWSGI worker 2 (pid: 30, cores: 1)
spawned uWSGI worker 3 (pid: 31, cores: 1)
spawned uWSGI worker 4 (pid: 32, cores: 1)
[pid: 29|app: 0|req: 1/1] 172.17.0.1 () {32 vars in 385 bytes} [Tue Nov 28 05:32:35 2017] GET /api/v1/tileset_info/?d= => generated 45 bytes in 730 msecs (HTTP/1.1 200) 4 headers in 106 bytes (1 switches on core 0)
[pid: 30|app: 0|req: 1/2] 172.17.0.1 () {32 vars in 383 bytes} [Tue Nov 28 05:32:47 2017] GET /api/v1/tiles/?d=.0.0.0 => generated 27 bytes in 684 msecs (HTTP/1.1 500) 3 headers in 97 bytes (1 switches on core 0)
